<?xml version="1.0" encoding="UTF-8"?>
<testsuite xmlns:xsi="http://www.w3.org/2001/XMLSchema-instance" xsi:noNamespaceSchemaLocation="https://maven.apache.org/surefire/maven-surefire-plugin/xsd/surefire-test-report.xsd" name="br.joao.AppTest" time="0.342" tests="1" errors="0" skipped="0" failures="0">
  <properties>
    <property name="awt.toolkit" value="sun.awt.X11.XToolkit"/>
    <property name="java.specification.version" value="11"/>
    <property name="sun.cpu.isalist" value=""/>
    <property name="sun.jnu.encoding" value="UTF-8"/>
    <property name="java.class.path" value="/home/joao/Documents/programas/Kassino/Kassino/target/test-classes:/home/joao/Documents/programas/Kassino/Kassino/target/classes:/home/joao/.m2/repository/net/dv8tion/JDA/4.2.0_168/JDA-4.2.0_168.jar:/home/joao/.m2/repository/com/google/code/findbugs/jsr305/3.0.2/jsr305-3.0.2.jar:/home/joao/.m2/repository/org/jetbrains/annotations/16.0.1/annotations-16.0.1.jar:/home/joao/.m2/repository/org/slf4j/slf4j-api/1.7.25/slf4j-api-1.7.25.jar:/home/joao/.m2/repository/com/neovisionaries/nv-websocket-client/2.9/nv-websocket-client-2.9.jar:/home/joao/.m2/repository/com/squareup/okhttp3/okhttp/3.13.0/okhttp-3.13.0.jar:/home/joao/.m2/repository/com/squareup/okio/okio/1.17.2/okio-1.17.2.jar:/home/joao/.m2/repository/club/minnced/opus-java-api/1.0.4/opus-java-api-1.0.4.jar:/home/joao/.m2/repository/net/java/dev/jna/jna/4.4.0/jna-4.4.0.jar:/home/joao/.m2/repository/club/minnced/opus-java-natives/1.0.4/opus-java-natives-1.0.4.jar:/home/joao/.m2/repository/org/apache/commons/commons-collections4/4.1/commons-collections4-4.1.jar:/home/joao/.m2/repository/net/sf/trove4j/trove4j/3.0.3/trove4j-3.0.3.jar:/home/joao/.m2/repository/com/fasterxml/jackson/core/jackson-databind/2.10.1/jackson-databind-2.10.1.jar:/home/joao/.m2/repository/com/fasterxml/jackson/core/jackson-annotations/2.10.1/jackson-annotations-2.10.1.jar:/home/joao/.m2/repository/com/fasterxml/jackson/core/jackson-core/2.10.1/jackson-core-2.10.1.jar:/home/joao/.m2/repository/junit/junit/4.11/junit-4.11.jar:/home/joao/.m2/repository/org/hamcrest/hamcrest-core/1.3/hamcrest-core-1.3.jar:"/>
    <property name="java.vm.vendor" value="Ubuntu"/>
    <property name="sun.arch.data.model" value="64"/>
    <property name="java.vendor.url" value="https://ubuntu.com/"/>
    <property name="user.timezone" value=""/>
    <property name="java.vm.specification.version" value="11"/>
    <property name="os.name" value="Linux"/>
    <property name="sun.java.launcher" value="SUN_STANDARD"/>
    <property name="user.country" value="US"/>
    <property name="sun.boot.library.path" value="/usr/lib/jvm/java-11-openjdk-amd64/lib"/>
    <property name="sun.java.command" value="/home/joao/Documents/programas/Kassino/Kassino/target/surefire/surefirebooter16213020892249787767.jar /home/joao/Documents/programas/Kassino/Kassino/target/surefire 2021-01-09T10-00-41_441-jvmRun1 surefire10959660396463581632tmp surefire_02389286277716062777tmp"/>
    <property name="jdk.debug" value="release"/>
    <property name="surefire.test.class.path" value="/home/joao/Documents/programas/Kassino/Kassino/target/test-classes:/home/joao/Documents/programas/Kassino/Kassino/target/classes:/home/joao/.m2/repository/net/dv8tion/JDA/4.2.0_168/JDA-4.2.0_168.jar:/home/joao/.m2/repository/com/google/code/findbugs/jsr305/3.0.2/jsr305-3.0.2.jar:/home/joao/.m2/repository/org/jetbrains/annotations/16.0.1/annotations-16.0.1.jar:/home/joao/.m2/repository/org/slf4j/slf4j-api/1.7.25/slf4j-api-1.7.25.jar:/home/joao/.m2/repository/com/neovisionaries/nv-websocket-client/2.9/nv-websocket-client-2.9.jar:/home/joao/.m2/repository/com/squareup/okhttp3/okhttp/3.13.0/okhttp-3.13.0.jar:/home/joao/.m2/repository/com/squareup/okio/okio/1.17.2/okio-1.17.2.jar:/home/joao/.m2/repository/club/minnced/opus-java-api/1.0.4/opus-java-api-1.0.4.jar:/home/joao/.m2/repository/net/java/dev/jna/jna/4.4.0/jna-4.4.0.jar:/home/joao/.m2/repository/club/minnced/opus-java-natives/1.0.4/opus-java-natives-1.0.4.jar:/home/joao/.m2/repository/org/apache/commons/commons-collections4/4.1/commons-collections4-4.1.jar:/home/joao/.m2/repository/net/sf/trove4j/trove4j/3.0.3/trove4j-3.0.3.jar:/home/joao/.m2/repository/com/fasterxml/jackson/core/jackson-databind/2.10.1/jackson-databind-2.10.1.jar:/home/joao/.m2/repository/com/fasterxml/jackson/core/jackson-annotations/2.10.1/jackson-annotations-2.10.1.jar:/home/joao/.m2/repository/com/fasterxml/jackson/core/jackson-core/2.10.1/jackson-core-2.10.1.jar:/home/joao/.m2/repository/junit/junit/4.11/junit-4.11.jar:/home/joao/.m2/repository/org/hamcrest/hamcrest-core/1.3/hamcrest-core-1.3.jar:"/>
    <property name="sun.cpu.endian" value="little"/>
    <property name="user.home" value="/home/joao"/>
    <property name="user.language" value="en"/>
    <property name="java.specification.vendor" value="Oracle Corporation"/>
    <property name="java.version.date" value="2020-11-04"/>
    <property name="java.home" value="/usr/lib/jvm/java-11-openjdk-amd64"/>
    <property name="file.separator" value="/"/>
    <property name="basedir" value="/home/joao/Documents/programas/Kassino/Kassino"/>
    <property name="java.vm.compressedOopsMode" value="32-bit"/>
    <property name="line.separator" value="&#10;"/>
    <property name="java.specification.name" value="Java Platform API Specification"/>
    <property name="java.vm.specification.vendor" value="Oracle Corporation"/>
    <property name="java.awt.graphicsenv" value="sun.awt.X11GraphicsEnvironment"/>
    <property name="surefire.real.class.path" value="/home/joao/Documents/programas/Kassino/Kassino/target/surefire/surefirebooter16213020892249787767.jar"/>
    <property name="sun.management.compiler" value="HotSpot 64-Bit Tiered Compilers"/>
    <property name="java.runtime.version" value="11.0.9.1+1-Ubuntu-0ubuntu1.20.04"/>
    <property name="user.name" value="joao"/>
    <property name="path.separator" value=":"/>
    <property name="os.version" value="5.4.0-60-generic"/>
    <property name="java.runtime.name" value="OpenJDK Runtime Environment"/>
    <property name="file.encoding" value="UTF-8"/>
    <property name="java.vm.name" value="OpenJDK 64-Bit Server VM"/>
    <property name="localRepository" value="/home/joao/.m2/repository"/>
    <property name="java.vendor.url.bug" value="https://bugs.launchpad.net/ubuntu/+source/openjdk-lts"/>
    <property name="java.io.tmpdir" value="/tmp"/>
    <property name="java.version" value="11.0.9.1"/>
    <property name="user.dir" value="/home/joao/Documents/programas/Kassino/Kassino"/>
    <property name="os.arch" value="amd64"/>
    <property name="java.vm.specification.name" value="Java Virtual Machine Specification"/>
    <property name="java.awt.printerjob" value="sun.print.PSPrinterJob"/>
    <property name="sun.os.patch.level" value="unknown"/>
    <property name="java.library.path" value="/usr/java/packages/lib:/usr/lib/x86_64-linux-gnu/jni:/lib/x86_64-linux-gnu:/usr/lib/x86_64-linux-gnu:/usr/lib/jni:/lib:/usr/lib"/>
    <property name="java.vm.info" value="mixed mode, sharing"/>
    <property name="java.vendor" value="Ubuntu"/>
    <property name="java.vm.version" value="11.0.9.1+1-Ubuntu-0ubuntu1.20.04"/>
    <property name="sun.io.unicode.encoding" value="UnicodeLittle"/>
    <property name="java.class.version" value="55.0"/>
  </properties>
  <testcase name="shouldAnswerWithTrue" classname="br.joao.AppTest" time="0.007"/>
</testsuite>